Internal Server Error: /dashboard/
Traceback (most recent call last):
  File "/mnt/c/Users/jreii/Desktop/IPTVGestão/.venv/lib/python3.10/site-packages/django/template/smartif.py", line 179, in translate_token
    op = OPERATORS[token]
KeyError: 'page_obj.paginator.per_page==5'

During handling of the above exception, another exception occurred:

Traceback (most recent call last):
  File "/mnt/c/Users/jreii/Desktop/IPTVGestão/.venv/lib/python3.10/site-packages/django/core/handlers/exception.py", line 55, in inner
    response = get_response(request)
  File "/mnt/c/Users/jreii/Desktop/IPTVGestão/.venv/lib/python3.10/site-packages/django/core/handlers/base.py", line 220, in _get_response
    response = response.render()
  File "/mnt/c/Users/jreii/Desktop/IPTVGestão/.venv/lib/python3.10/site-packages/django/template/response.py", line 114, in render
    self.content = self.rendered_content
  File "/mnt/c/Users/jreii/Desktop/IPTVGestão/.venv/lib/python3.10/site-packages/django/template/response.py", line 90, in rendered_content
    template = self.resolve_template(self.template_name)
  File "/mnt/c/Users/jreii/Desktop/IPTVGestão/.venv/lib/python3.10/site-packages/django/template/response.py", line 72, in resolve_template
    return select_template(template, using=self.using)
  File "/mnt/c/Users/jreii/Desktop/IPTVGestão/.venv/lib/python3.10/site-packages/django/template/loader.py", line 42, in select_template
    return engine.get_template(template_name)
  File "/mnt/c/Users/jreii/Desktop/IPTVGestão/.venv/lib/python3.10/site-packages/django/template/backends/django.py", line 33, in get_template
    return Template(self.engine.get_template(template_name), self)
  File "/mnt/c/Users/jreii/Desktop/IPTVGestão/.venv/lib/python3.10/site-packages/django/template/engine.py", line 175, in get_template
    template, origin = self.find_template(template_name)
  File "/mnt/c/Users/jreii/Desktop/IPTVGestão/.venv/lib/python3.10/site-packages/django/template/engine.py", line 157, in find_template
    template = loader.get_template(name, skip=skip)
  File "/mnt/c/Users/jreii/Desktop/IPTVGestão/.venv/lib/python3.10/site-packages/django/template/loaders/cached.py", line 57, in get_template
    template = super().get_template(template_name, skip)
  File "/mnt/c/Users/jreii/Desktop/IPTVGestão/.venv/lib/python3.10/site-packages/django/template/loaders/base.py", line 28, in get_template
    return Template(
  File "/mnt/c/Users/jreii/Desktop/IPTVGestão/.venv/lib/python3.10/site-packages/django/template/base.py", line 154, in __init__
    self.nodelist = self.compile_nodelist()
  File "/mnt/c/Users/jreii/Desktop/IPTVGestão/.venv/lib/python3.10/site-packages/django/template/base.py", line 200, in compile_nodelist
    return parser.parse()
  File "/mnt/c/Users/jreii/Desktop/IPTVGestão/.venv/lib/python3.10/site-packages/django/template/base.py", line 513, in parse
    raise self.error(token, e)
  File "/mnt/c/Users/jreii/Desktop/IPTVGestão/.venv/lib/python3.10/site-packages/django/template/base.py", line 511, in parse
    compiled_result = compile_func(self, token)
  File "/mnt/c/Users/jreii/Desktop/IPTVGestão/.venv/lib/python3.10/site-packages/django/template/defaulttags.py", line 952, in do_if
    condition = TemplateIfParser(parser, bits).parse()
  File "/mnt/c/Users/jreii/Desktop/IPTVGestão/.venv/lib/python3.10/site-packages/django/template/defaulttags.py", line 885, in __init__
    super().__init__(*args, **kwargs)
  File "/mnt/c/Users/jreii/Desktop/IPTVGestão/.venv/lib/python3.10/site-packages/django/template/smartif.py", line 170, in __init__
    mapped_tokens.append(self.translate_token(token))
  File "/mnt/c/Users/jreii/Desktop/IPTVGestão/.venv/lib/python3.10/site-packages/django/template/smartif.py", line 181, in translate_token
    return self.create_var(token)
  File "/mnt/c/Users/jreii/Desktop/IPTVGestão/.venv/lib/python3.10/site-packages/django/template/defaulttags.py", line 888, in create_var
    return TemplateLiteral(self.template_parser.compile_filter(value), value)
  File "/mnt/c/Users/jreii/Desktop/IPTVGestão/.venv/lib/python3.10/site-packages/django/template/base.py", line 600, in compile_filter
    return FilterExpression(token, self)
  File "/mnt/c/Users/jreii/Desktop/IPTVGestão/.venv/lib/python3.10/site-packages/django/template/base.py", line 703, in __init__
    raise TemplateSyntaxError(
django.template.exceptions.TemplateSyntaxError: Could not parse the remainder: '==5' from 'page_obj.paginator.per_page==5'
Internal Server Error: /dashboard/
Traceback (most recent call last):
  File "/mnt/c/Users/jreii/Desktop/IPTVGestão/.venv/lib/python3.10/site-packages/django/template/smartif.py", line 179, in translate_token
    op = OPERATORS[token]
KeyError: 'page_obj.paginator.per_page==5'

During handling of the above exception, another exception occurred:

Traceback (most recent call last):
  File "/mnt/c/Users/jreii/Desktop/IPTVGestão/.venv/lib/python3.10/site-packages/django/core/handlers/exception.py", line 55, in inner
    response = get_response(request)
  File "/mnt/c/Users/jreii/Desktop/IPTVGestão/.venv/lib/python3.10/site-packages/django/core/handlers/base.py", line 220, in _get_response
    response = response.render()
  File "/mnt/c/Users/jreii/Desktop/IPTVGestão/.venv/lib/python3.10/site-packages/django/template/response.py", line 114, in render
    self.content = self.rendered_content
  File "/mnt/c/Users/jreii/Desktop/IPTVGestão/.venv/lib/python3.10/site-packages/django/template/response.py", line 90, in rendered_content
    template = self.resolve_template(self.template_name)
  File "/mnt/c/Users/jreii/Desktop/IPTVGestão/.venv/lib/python3.10/site-packages/django/template/response.py", line 72, in resolve_template
    return select_template(template, using=self.using)
  File "/mnt/c/Users/jreii/Desktop/IPTVGestão/.venv/lib/python3.10/site-packages/django/template/loader.py", line 42, in select_template
    return engine.get_template(template_name)
  File "/mnt/c/Users/jreii/Desktop/IPTVGestão/.venv/lib/python3.10/site-packages/django/template/backends/django.py", line 33, in get_template
    return Template(self.engine.get_template(template_name), self)
  File "/mnt/c/Users/jreii/Desktop/IPTVGestão/.venv/lib/python3.10/site-packages/django/template/engine.py", line 175, in get_template
    template, origin = self.find_template(template_name)
  File "/mnt/c/Users/jreii/Desktop/IPTVGestão/.venv/lib/python3.10/site-packages/django/template/engine.py", line 157, in find_template
    template = loader.get_template(name, skip=skip)
  File "/mnt/c/Users/jreii/Desktop/IPTVGestão/.venv/lib/python3.10/site-packages/django/template/loaders/cached.py", line 57, in get_template
    template = super().get_template(template_name, skip)
  File "/mnt/c/Users/jreii/Desktop/IPTVGestão/.venv/lib/python3.10/site-packages/django/template/loaders/base.py", line 28, in get_template
    return Template(
  File "/mnt/c/Users/jreii/Desktop/IPTVGestão/.venv/lib/python3.10/site-packages/django/template/base.py", line 154, in __init__
    self.nodelist = self.compile_nodelist()
  File "/mnt/c/Users/jreii/Desktop/IPTVGestão/.venv/lib/python3.10/site-packages/django/template/base.py", line 200, in compile_nodelist
    return parser.parse()
  File "/mnt/c/Users/jreii/Desktop/IPTVGestão/.venv/lib/python3.10/site-packages/django/template/base.py", line 513, in parse
    raise self.error(token, e)
  File "/mnt/c/Users/jreii/Desktop/IPTVGestão/.venv/lib/python3.10/site-packages/django/template/base.py", line 511, in parse
    compiled_result = compile_func(self, token)
  File "/mnt/c/Users/jreii/Desktop/IPTVGestão/.venv/lib/python3.10/site-packages/django/template/defaulttags.py", line 952, in do_if
    condition = TemplateIfParser(parser, bits).parse()
  File "/mnt/c/Users/jreii/Desktop/IPTVGestão/.venv/lib/python3.10/site-packages/django/template/defaulttags.py", line 885, in __init__
    super().__init__(*args, **kwargs)
  File "/mnt/c/Users/jreii/Desktop/IPTVGestão/.venv/lib/python3.10/site-packages/django/template/smartif.py", line 170, in __init__
    mapped_tokens.append(self.translate_token(token))
  File "/mnt/c/Users/jreii/Desktop/IPTVGestão/.venv/lib/python3.10/site-packages/django/template/smartif.py", line 181, in translate_token
    return self.create_var(token)
  File "/mnt/c/Users/jreii/Desktop/IPTVGestão/.venv/lib/python3.10/site-packages/django/template/defaulttags.py", line 888, in create_var
    return TemplateLiteral(self.template_parser.compile_filter(value), value)
  File "/mnt/c/Users/jreii/Desktop/IPTVGestão/.venv/lib/python3.10/site-packages/django/template/base.py", line 600, in compile_filter
    return FilterExpression(token, self)
  File "/mnt/c/Users/jreii/Desktop/IPTVGestão/.venv/lib/python3.10/site-packages/django/template/base.py", line 703, in __init__
    raise TemplateSyntaxError(
django.template.exceptions.TemplateSyntaxError: Could not parse the remainder: '==5' from 'page_obj.paginator.per_page==5'
"GET /dashboard/ HTTP/1.1" 500 231698
"GET /dashboard/ HTTP/1.1" 500 231698
Internal Server Error: /dashboard/
Traceback (most recent call last):
  File "/mnt/c/Users/jreii/Desktop/IPTVGestão/.venv/lib/python3.10/site-packages/django/template/smartif.py", line 179, in translate_token
    op = OPERATORS[token]
KeyError: 'page_obj.paginator.per_page==5'

During handling of the above exception, another exception occurred:

Traceback (most recent call last):
  File "/mnt/c/Users/jreii/Desktop/IPTVGestão/.venv/lib/python3.10/site-packages/django/core/handlers/exception.py", line 55, in inner
    response = get_response(request)
  File "/mnt/c/Users/jreii/Desktop/IPTVGestão/.venv/lib/python3.10/site-packages/django/core/handlers/base.py", line 220, in _get_response
    response = response.render()
  File "/mnt/c/Users/jreii/Desktop/IPTVGestão/.venv/lib/python3.10/site-packages/django/template/response.py", line 114, in render
    self.content = self.rendered_content
  File "/mnt/c/Users/jreii/Desktop/IPTVGestão/.venv/lib/python3.10/site-packages/django/template/response.py", line 90, in rendered_content
    template = self.resolve_template(self.template_name)
  File "/mnt/c/Users/jreii/Desktop/IPTVGestão/.venv/lib/python3.10/site-packages/django/template/response.py", line 72, in resolve_template
    return select_template(template, using=self.using)
  File "/mnt/c/Users/jreii/Desktop/IPTVGestão/.venv/lib/python3.10/site-packages/django/template/loader.py", line 42, in select_template
    return engine.get_template(template_name)
  File "/mnt/c/Users/jreii/Desktop/IPTVGestão/.venv/lib/python3.10/site-packages/django/template/backends/django.py", line 33, in get_template
    return Template(self.engine.get_template(template_name), self)
  File "/mnt/c/Users/jreii/Desktop/IPTVGestão/.venv/lib/python3.10/site-packages/django/template/engine.py", line 175, in get_template
    template, origin = self.find_template(template_name)
  File "/mnt/c/Users/jreii/Desktop/IPTVGestão/.venv/lib/python3.10/site-packages/django/template/engine.py", line 157, in find_template
    template = loader.get_template(name, skip=skip)
  File "/mnt/c/Users/jreii/Desktop/IPTVGestão/.venv/lib/python3.10/site-packages/django/template/loaders/cached.py", line 57, in get_template
    template = super().get_template(template_name, skip)
  File "/mnt/c/Users/jreii/Desktop/IPTVGestão/.venv/lib/python3.10/site-packages/django/template/loaders/base.py", line 28, in get_template
    return Template(
  File "/mnt/c/Users/jreii/Desktop/IPTVGestão/.venv/lib/python3.10/site-packages/django/template/base.py", line 154, in __init__
    self.nodelist = self.compile_nodelist()
  File "/mnt/c/Users/jreii/Desktop/IPTVGestão/.venv/lib/python3.10/site-packages/django/template/base.py", line 200, in compile_nodelist
    return parser.parse()
  File "/mnt/c/Users/jreii/Desktop/IPTVGestão/.venv/lib/python3.10/site-packages/django/template/base.py", line 513, in parse
    raise self.error(token, e)
  File "/mnt/c/Users/jreii/Desktop/IPTVGestão/.venv/lib/python3.10/site-packages/django/template/base.py", line 511, in parse
    compiled_result = compile_func(self, token)
  File "/mnt/c/Users/jreii/Desktop/IPTVGestão/.venv/lib/python3.10/site-packages/django/template/defaulttags.py", line 952, in do_if
    condition = TemplateIfParser(parser, bits).parse()
  File "/mnt/c/Users/jreii/Desktop/IPTVGestão/.venv/lib/python3.10/site-packages/django/template/defaulttags.py", line 885, in __init__
    super().__init__(*args, **kwargs)
  File "/mnt/c/Users/jreii/Desktop/IPTVGestão/.venv/lib/python3.10/site-packages/django/template/smartif.py", line 170, in __init__
    mapped_tokens.append(self.translate_token(token))
  File "/mnt/c/Users/jreii/Desktop/IPTVGestão/.venv/lib/python3.10/site-packages/django/template/smartif.py", line 181, in translate_token
    return self.create_var(token)
  File "/mnt/c/Users/jreii/Desktop/IPTVGestão/.venv/lib/python3.10/site-packages/django/template/defaulttags.py", line 888, in create_var
    return TemplateLiteral(self.template_parser.compile_filter(value), value)
  File "/mnt/c/Users/jreii/Desktop/IPTVGestão/.venv/lib/python3.10/site-packages/django/template/base.py", line 600, in compile_filter
    return FilterExpression(token, self)
  File "/mnt/c/Users/jreii/Desktop/IPTVGestão/.venv/lib/python3.10/site-packages/django/template/base.py", line 703, in __init__
    raise TemplateSyntaxError(
django.template.exceptions.TemplateSyntaxError: Could not parse the remainder: '==5' from 'page_obj.paginator.per_page==5'
Internal Server Error: /dashboard/
Traceback (most recent call last):
  File "/mnt/c/Users/jreii/Desktop/IPTVGestão/.venv/lib/python3.10/site-packages/django/template/smartif.py", line 179, in translate_token
    op = OPERATORS[token]
KeyError: 'page_obj.paginator.per_page==5'

During handling of the above exception, another exception occurred:

Traceback (most recent call last):
  File "/mnt/c/Users/jreii/Desktop/IPTVGestão/.venv/lib/python3.10/site-packages/django/core/handlers/exception.py", line 55, in inner
    response = get_response(request)
  File "/mnt/c/Users/jreii/Desktop/IPTVGestão/.venv/lib/python3.10/site-packages/django/core/handlers/base.py", line 220, in _get_response
    response = response.render()
  File "/mnt/c/Users/jreii/Desktop/IPTVGestão/.venv/lib/python3.10/site-packages/django/template/response.py", line 114, in render
    self.content = self.rendered_content
  File "/mnt/c/Users/jreii/Desktop/IPTVGestão/.venv/lib/python3.10/site-packages/django/template/response.py", line 90, in rendered_content
    template = self.resolve_template(self.template_name)
  File "/mnt/c/Users/jreii/Desktop/IPTVGestão/.venv/lib/python3.10/site-packages/django/template/response.py", line 72, in resolve_template
    return select_template(template, using=self.using)
  File "/mnt/c/Users/jreii/Desktop/IPTVGestão/.venv/lib/python3.10/site-packages/django/template/loader.py", line 42, in select_template
    return engine.get_template(template_name)
  File "/mnt/c/Users/jreii/Desktop/IPTVGestão/.venv/lib/python3.10/site-packages/django/template/backends/django.py", line 33, in get_template
    return Template(self.engine.get_template(template_name), self)
  File "/mnt/c/Users/jreii/Desktop/IPTVGestão/.venv/lib/python3.10/site-packages/django/template/engine.py", line 175, in get_template
    template, origin = self.find_template(template_name)
  File "/mnt/c/Users/jreii/Desktop/IPTVGestão/.venv/lib/python3.10/site-packages/django/template/engine.py", line 157, in find_template
    template = loader.get_template(name, skip=skip)
  File "/mnt/c/Users/jreii/Desktop/IPTVGestão/.venv/lib/python3.10/site-packages/django/template/loaders/cached.py", line 57, in get_template
    template = super().get_template(template_name, skip)
  File "/mnt/c/Users/jreii/Desktop/IPTVGestão/.venv/lib/python3.10/site-packages/django/template/loaders/base.py", line 28, in get_template
    return Template(
  File "/mnt/c/Users/jreii/Desktop/IPTVGestão/.venv/lib/python3.10/site-packages/django/template/base.py", line 154, in __init__
    self.nodelist = self.compile_nodelist()
  File "/mnt/c/Users/jreii/Desktop/IPTVGestão/.venv/lib/python3.10/site-packages/django/template/base.py", line 200, in compile_nodelist
    return parser.parse()
  File "/mnt/c/Users/jreii/Desktop/IPTVGestão/.venv/lib/python3.10/site-packages/django/template/base.py", line 513, in parse
    raise self.error(token, e)
  File "/mnt/c/Users/jreii/Desktop/IPTVGestão/.venv/lib/python3.10/site-packages/django/template/base.py", line 511, in parse
    compiled_result = compile_func(self, token)
  File "/mnt/c/Users/jreii/Desktop/IPTVGestão/.venv/lib/python3.10/site-packages/django/template/defaulttags.py", line 952, in do_if
    condition = TemplateIfParser(parser, bits).parse()
  File "/mnt/c/Users/jreii/Desktop/IPTVGestão/.venv/lib/python3.10/site-packages/django/template/defaulttags.py", line 885, in __init__
    super().__init__(*args, **kwargs)
  File "/mnt/c/Users/jreii/Desktop/IPTVGestão/.venv/lib/python3.10/site-packages/django/template/smartif.py", line 170, in __init__
    mapped_tokens.append(self.translate_token(token))
  File "/mnt/c/Users/jreii/Desktop/IPTVGestão/.venv/lib/python3.10/site-packages/django/template/smartif.py", line 181, in translate_token
    return self.create_var(token)
  File "/mnt/c/Users/jreii/Desktop/IPTVGestão/.venv/lib/python3.10/site-packages/django/template/defaulttags.py", line 888, in create_var
    return TemplateLiteral(self.template_parser.compile_filter(value), value)
  File "/mnt/c/Users/jreii/Desktop/IPTVGestão/.venv/lib/python3.10/site-packages/django/template/base.py", line 600, in compile_filter
    return FilterExpression(token, self)
  File "/mnt/c/Users/jreii/Desktop/IPTVGestão/.venv/lib/python3.10/site-packages/django/template/base.py", line 703, in __init__
    raise TemplateSyntaxError(
django.template.exceptions.TemplateSyntaxError: Could not parse the remainder: '==5' from 'page_obj.paginator.per_page==5'
"GET /dashboard/ HTTP/1.1" 500 231752
"GET /dashboard/ HTTP/1.1" 500 231752
